<?xml version="1.0" encoding="UTF-8"?>
<testsuite xmlns:xsi="http://www.w3.org/2001/XMLSchema-instance" xsi:noNamespaceSchemaLocation="https://maven.apache.org/surefire/maven-surefire-plugin/xsd/surefire-test-report-3.0.xsd" version="3.0" name="io.jenkins.plugins.DelayBuildTest" time="1.927" tests="1" errors="0" skipped="0" failures="0">
  <properties>
    <property name="java.specification.version" value="21"/>
    <property name="sun.jnu.encoding" value="UTF-8"/>
    <property name="java.class.path" value="/home/shivajee/Penge/open-source/demo-jenkins-plugin/target/test-classes:/home/shivajee/Penge/open-source/demo-jenkins-plugin/target/classes:/home/shivajee/.m2/repository/org/jenkins-ci/main/jenkins-core/2.414.3/jenkins-core-2.414.3.jar:/home/shivajee/.m2/repository/org/jenkins-ci/main/cli/2.414.3/cli-2.414.3.jar:/home/shivajee/.m2/repository/org/jenkins-ci/main/remoting/3131.vf2b_b_798b_ce99/remoting-3131.vf2b_b_798b_ce99.jar:/home/shivajee/.m2/repository/args4j/args4j/2.33/args4j-2.33.jar:/home/shivajee/.m2/repository/com/github/spotbugs/spotbugs-annotations/4.7.3/spotbugs-annotations-4.7.3.jar:/home/shivajee/.m2/repository/com/google/guava/guava/32.1.1-jre/guava-32.1.1-jre.jar:/home/shivajee/.m2/repository/com/google/guava/failureaccess/1.0.1/failureaccess-1.0.1.jar:/home/shivajee/.m2/repository/com/google/guava/listenablefuture/9999.0-empty-to-avoid-conflict-with-guava/listenablefuture-9999.0-empty-to-avoid-conflict-with-guava.jar:/home/shivajee/.m2/repository/com/google/code/findbugs/jsr305/3.0.1/jsr305-3.0.1.jar:/home/shivajee/.m2/repository/com/google/inject/guice/6.0.0/guice-6.0.0.jar:/home/shivajee/.m2/repository/javax/inject/javax.inject/1/javax.inject-1.jar:/home/shivajee/.m2/repository/jakarta/inject/jakarta.inject-api/2.0.1/jakarta.inject-api-2.0.1.jar:/home/shivajee/.m2/repository/com/infradna/tool/bridge-method-annotation/1.27/bridge-method-annotation-1.27.jar:/home/shivajee/.m2/repository/com/jcraft/jzlib/1.1.3-kohsuke-1/jzlib-1.1.3-kohsuke-1.jar:/home/shivajee/.m2/repository/com/sun/solaris/embedded_su4j/1.1/embedded_su4j-1.1.jar:/home/shivajee/.m2/repository/com/sun/xml/txw2/txw2/20110809/txw2-20110809.jar:/home/shivajee/.m2/repository/relaxngDatatype/relaxngDatatype/20020414/relaxngDatatype-20020414.jar:/home/shivajee/.m2/repository/com/thoughtworks/xstream/xstream/1.4.20/xstream-1.4.20.jar:/home/shivajee/.m2/repository/io/github/x-stream/mxparser/1.2.2/mxparser-1.2.2.jar:/home/shivajee/.m2/repository/commons-beanutils/commons-beanutils/1.9.4/commons-beanutils-1.9.4.jar:/home/shivajee/.m2/repository/commons-codec/commons-codec/1.16.0/commons-codec-1.16.0.jar:/home/shivajee/.m2/repository/commons-collections/commons-collections/3.2.2/commons-collections-3.2.2.jar:/home/shivajee/.m2/repository/commons-fileupload/commons-fileupload/1.5/commons-fileupload-1.5.jar:/home/shivajee/.m2/repository/commons-io/commons-io/2.13.0/commons-io-2.13.0.jar:/home/shivajee/.m2/repository/commons-jelly/commons-jelly-tags-fmt/1.0/commons-jelly-tags-fmt-1.0.jar:/home/shivajee/.m2/repository/commons-jelly/commons-jelly-tags-xml/1.1/commons-jelly-tags-xml-1.1.jar:/home/shivajee/.m2/repository/commons-lang/commons-lang/2.6/commons-lang-2.6.jar:/home/shivajee/.m2/repository/io/jenkins/stapler/jenkins-stapler-support/1.1/jenkins-stapler-support-1.1.jar:/home/shivajee/.m2/repository/jakarta/servlet/jsp/jstl/jakarta.servlet.jsp.jstl-api/1.2.7/jakarta.servlet.jsp.jstl-api-1.2.7.jar:/home/shivajee/.m2/repository/jaxen/jaxen/2.0.0/jaxen-2.0.0.jar:/home/shivajee/.m2/repository/jline/jline/2.14.6/jline-2.14.6.jar:/home/shivajee/.m2/repository/net/java/dev/jna/jna/5.13.0/jna-5.13.0.jar:/home/shivajee/.m2/repository/net/java/sezpoz/sezpoz/1.13/sezpoz-1.13.jar:/home/shivajee/.m2/repository/net/jcip/jcip-annotations/1.0/jcip-annotations-1.0.jar:/home/shivajee/.m2/repository/net/sf/kxml/kxml2/2.3.0/kxml2-2.3.0.jar:/home/shivajee/.m2/repository/org/antlr/antlr4-runtime/4.13.0/antlr4-runtime-4.13.0.jar:/home/shivajee/.m2/repository/org/apache/ant/ant/1.10.13/ant-1.10.13.jar:/home/shivajee/.m2/repository/org/apache/ant/ant-launcher/1.10.13/ant-launcher-1.10.13.jar:/home/shivajee/.m2/repository/org/apache/commons/commons-compress/1.24.0/commons-compress-1.24.0.jar:/home/shivajee/.m2/repository/org/codehaus/groovy/groovy-all/2.4.21/groovy-all-2.4.21.jar:/home/shivajee/.m2/repository/org/connectbot/jbcrypt/jbcrypt/1.0.0/jbcrypt-1.0.0.jar:/home/shivajee/.m2/repository/org/fusesource/jansi/jansi/1.11/jansi-1.11.jar:/home/shivajee/.m2/repository/org/jenkins-ci/annotation-indexer/1.17/annotation-indexer-1.17.jar:/home/shivajee/.m2/repository/org/jenkins-ci/commons-jexl/1.1-jenkins-20111212/commons-jexl-1.1-jenkins-20111212.jar:/home/shivajee/.m2/repository/org/jenkins-ci/crypto-util/1.9/crypto-util-1.9.jar:/home/shivajee/.m2/repository/org/jenkins-ci/memory-monitor/1.12/memory-monitor-1.12.jar:/home/shivajee/.m2/repository/org/jenkins-ci/symbol-annotation/1.24/symbol-annotation-1.24.jar:/home/shivajee/.m2/repository/org/jenkins-ci/task-reactor/1.8/task-reactor-1.8.jar:/home/shivajee/.m2/repository/org/jenkins-ci/version-number/1.11/version-number-1.11.jar:/home/shivajee/.m2/repository/org/jenkins-ci/main/websocket-spi/2.414.3/websocket-spi-2.414.3.jar:/home/shivajee/.m2/repository/org/jfree/jfreechart/1.0.19/jfreechart-1.0.19.jar:/home/shivajee/.m2/repository/org/jfree/jcommon/1.0.23/jcommon-1.0.23.jar:/home/shivajee/.m2/repository/org/jvnet/hudson/commons-jelly-tags-define/1.1-jenkins-20230124/commons-jelly-tags-define-1.1-jenkins-20230124.jar:/home/shivajee/.m2/repository/org/jenkins-ci/commons-jelly/1.1-jenkins-20230124/commons-jelly-1.1-jenkins-20230124.jar:/home/shivajee/.m2/repository/org/jvnet/localizer/localizer/1.31/localizer-1.31.jar:/home/shivajee/.m2/repository/org/jvnet/robust-http-client/robust-http-client/1.2/robust-http-client-1.2.jar:/home/shivajee/.m2/repository/org/jvnet/winp/winp/1.30/winp-1.30.jar:/home/shivajee/.m2/repository/org/kohsuke/access-modifier-annotation/1.32/access-modifier-annotation-1.32.jar:/home/shivajee/.m2/repository/org/kohsuke/windows-package-checker/1.2/windows-package-checker-1.2.jar:/home/shivajee/.m2/repository/org/kohsuke/jinterop/j-interop/2.0.8-kohsuke-1/j-interop-2.0.8-kohsuke-1.jar:/home/shivajee/.m2/repository/org/kohsuke/jinterop/j-interopdeps/2.0.8-kohsuke-1/j-interopdeps-2.0.8-kohsuke-1.jar:/home/shivajee/.m2/repository/org/samba/jcifs/jcifs/1.3.18-kohsuke-1/jcifs-1.3.18-kohsuke-1.jar:/home/shivajee/.m2/repository/org/kohsuke/stapler/json-lib/2.4-jenkins-3/json-lib-2.4-jenkins-3.jar:/home/shivajee/.m2/repository/net/sf/ezmorph/ezmorph/1.0.6/ezmorph-1.0.6.jar:/home/shivajee/.m2/repository/org/kohsuke/stapler/stapler/1785.1787.v44b_5610a_7c4a_/stapler-1785.1787.v44b_5610a_7c4a_.jar:/home/shivajee/.m2/repository/commons-discovery/commons-discovery/0.5/commons-discovery-0.5.jar:/home/shivajee/.m2/repository/jakarta/annotation/jakarta.annotation-api/2.1.1/jakarta.annotation-api-2.1.1.jar:/home/shivajee/.m2/repository/javax/annotation/javax.annotation-api/1.3.2/javax.annotation-api-1.3.2.jar:/home/shivajee/.m2/repository/org/jvnet/tiger-types/2.2/tiger-types-2.2.jar:/home/shivajee/.m2/repository/org/kohsuke/stapler/stapler-adjunct-codemirror/1.3/stapler-adjunct-codemirror-1.3.jar:/home/shivajee/.m2/repository/org/kohsuke/stapler/stapler-adjunct-timeline/1.5/stapler-adjunct-timeline-1.5.jar:/home/shivajee/.m2/repository/org/kohsuke/stapler/stapler-groovy/1785.1787.v44b_5610a_7c4a_/stapler-groovy-1785.1787.v44b_5610a_7c4a_.jar:/home/shivajee/.m2/repository/org/kohsuke/stapler/stapler-jelly/1785.1787.v44b_5610a_7c4a_/stapler-jelly-1785.1787.v44b_5610a_7c4a_.jar:/home/shivajee/.m2/repository/org/dom4j/dom4j/2.1.4/dom4j-2.1.4.jar:/home/shivajee/.m2/repository/org/ow2/asm/asm/9.5/asm-9.5.jar:/home/shivajee/.m2/repository/org/ow2/asm/asm-analysis/9.5/asm-analysis-9.5.jar:/home/shivajee/.m2/repository/org/ow2/asm/asm-commons/9.5/asm-commons-9.5.jar:/home/shivajee/.m2/repository/org/ow2/asm/asm-tree/9.5/asm-tree-9.5.jar:/home/shivajee/.m2/repository/org/ow2/asm/asm-util/9.5/asm-util-9.5.jar:/home/shivajee/.m2/repository/org/slf4j/jcl-over-slf4j/2.0.7/jcl-over-slf4j-2.0.7.jar:/home/shivajee/.m2/repository/org/slf4j/slf4j-api/2.0.7/slf4j-api-2.0.7.jar:/home/shivajee/.m2/repository/org/slf4j/log4j-over-slf4j/2.0.7/log4j-over-slf4j-2.0.7.jar:/home/shivajee/.m2/repository/org/springframework/security/spring-security-web/5.8.4/spring-security-web-5.8.4.jar:/home/shivajee/.m2/repository/org/springframework/security/spring-security-core/5.8.4/spring-security-core-5.8.4.jar:/home/shivajee/.m2/repository/org/springframework/security/spring-security-crypto/5.8.4/spring-security-crypto-5.8.4.jar:/home/shivajee/.m2/repository/org/springframework/spring-core/5.3.28/spring-core-5.3.28.jar:/home/shivajee/.m2/repository/org/springframework/spring-aop/5.3.28/spring-aop-5.3.28.jar:/home/shivajee/.m2/repository/org/springframework/spring-beans/5.3.28/spring-beans-5.3.28.jar:/home/shivajee/.m2/repository/org/springframework/spring-context/5.3.28/spring-context-5.3.28.jar:/home/shivajee/.m2/repository/org/springframework/spring-expression/5.3.28/spring-expression-5.3.28.jar:/home/shivajee/.m2/repository/org/springframework/spring-web/5.3.28/spring-web-5.3.28.jar:/home/shivajee/.m2/repository/xpp3/xpp3/1.1.4c/xpp3-1.1.4c.jar:/home/shivajee/.m2/repository/org/jenkins-ci/main/jenkins-war/2.414.3/jenkins-war-2.414.3.war:/home/shivajee/.m2/repository/org/jenkins-ci/main/websocket-jetty10/2.414.3/websocket-jetty10-2.414.3.jar:/home/shivajee/.m2/repository/org/slf4j/slf4j-jdk14/2.0.7/slf4j-jdk14-2.0.7.jar:/home/shivajee/.m2/repository/jakarta/servlet/jakarta.servlet-api/4.0.4/jakarta.servlet-api-4.0.4.jar:/home/shivajee/.m2/repository/commons-logging/commons-logging/1.2/commons-logging-1.2.jar:/home/shivajee/.m2/repository/org/jenkins-ci/main/jenkins-test-harness/2129.v09f309d2339c/jenkins-test-harness-2129.v09f309d2339c.jar:/home/shivajee/.m2/repository/io/jenkins/lib/support-log-formatter/1.2/support-log-formatter-1.2.jar:/home/shivajee/.m2/repository/junit/junit/4.13.2/junit-4.13.2.jar:/home/shivajee/.m2/repository/org/hamcrest/hamcrest-core/2.2/hamcrest-core-2.2.jar:/home/shivajee/.m2/repository/org/eclipse/jetty/jetty-security/10.0.18/jetty-security-10.0.18.jar:/home/shivajee/.m2/repository/org/eclipse/jetty/jetty-server/10.0.18/jetty-server-10.0.18.jar:/home/shivajee/.m2/repository/org/eclipse/jetty/jetty-http/10.0.18/jetty-http-10.0.18.jar:/home/shivajee/.m2/repository/org/eclipse/jetty/jetty-io/10.0.18/jetty-io-10.0.18.jar:/home/shivajee/.m2/repository/org/eclipse/jetty/jetty-webapp/10.0.18/jetty-webapp-10.0.18.jar:/home/shivajee/.m2/repository/org/eclipse/jetty/jetty-servlet/10.0.18/jetty-servlet-10.0.18.jar:/home/shivajee/.m2/repository/org/eclipse/jetty/jetty-xml/10.0.18/jetty-xml-10.0.18.jar:/home/shivajee/.m2/repository/org/eclipse/jetty/jetty-util/10.0.18/jetty-util-10.0.18.jar:/home/shivajee/.m2/repository/org/eclipse/jetty/websocket/websocket-jetty-server/10.0.18/websocket-jetty-server-10.0.18.jar:/home/shivajee/.m2/repository/org/eclipse/jetty/websocket/websocket-jetty-api/10.0.18/websocket-jetty-api-10.0.18.jar:/home/shivajee/.m2/repository/org/eclipse/jetty/websocket/websocket-jetty-common/10.0.18/websocket-jetty-common-10.0.18.jar:/home/shivajee/.m2/repository/org/eclipse/jetty/websocket/websocket-core-common/10.0.18/websocket-core-common-10.0.18.jar:/home/shivajee/.m2/repository/org/eclipse/jetty/websocket/websocket-servlet/10.0.18/websocket-servlet-10.0.18.jar:/home/shivajee/.m2/repository/org/eclipse/jetty/websocket/websocket-core-server/10.0.18/websocket-core-server-10.0.18.jar:/home/shivajee/.m2/repository/org/eclipse/jetty/toolchain/jetty-servlet-api/4.0.6/jetty-servlet-api-4.0.6.jar:/home/shivajee/.m2/repository/org/hamcrest/hamcrest/2.2/hamcrest-2.2.jar:/home/shivajee/.m2/repository/org/jenkins-ci/main/jenkins-test-harness-htmlunit/164.v87e5a_1809c10/jenkins-test-harness-htmlunit-164.v87e5a_1809c10.jar:/home/shivajee/.m2/repository/org/junit/jupiter/junit-jupiter-api/5.10.1/junit-jupiter-api-5.10.1.jar:/home/shivajee/.m2/repository/org/opentest4j/opentest4j/1.3.0/opentest4j-1.3.0.jar:/home/shivajee/.m2/repository/org/junit/platform/junit-platform-commons/1.10.1/junit-platform-commons-1.10.1.jar:/home/shivajee/.m2/repository/org/netbeans/modules/org-netbeans-insane/RELEASE200/org-netbeans-insane-RELEASE200.jar:/home/shivajee/.m2/repository/org/openjdk/jmh/jmh-core/1.37/jmh-core-1.37.jar:/home/shivajee/.m2/repository/net/sf/jopt-simple/jopt-simple/5.0.4/jopt-simple-5.0.4.jar:/home/shivajee/.m2/repository/org/apache/commons/commons-math3/3.6.1/commons-math3-3.6.1.jar:/home/shivajee/.m2/repository/org/openjdk/jmh/jmh-generator-annprocess/1.37/jmh-generator-annprocess-1.37.jar:/home/shivajee/.m2/repository/org/jenkins-ci/test-annotations/1.4/test-annotations-1.4.jar:/home/shivajee/.m2/repository/org/junit/jupiter/junit-jupiter/5.10.1/junit-jupiter-5.10.1.jar:/home/shivajee/.m2/repository/org/junit/jupiter/junit-jupiter-params/5.10.1/junit-jupiter-params-5.10.1.jar:/home/shivajee/.m2/repository/org/junit/jupiter/junit-jupiter-engine/5.10.1/junit-jupiter-engine-5.10.1.jar:/home/shivajee/.m2/repository/org/junit/vintage/junit-vintage-engine/5.10.1/junit-vintage-engine-5.10.1.jar:/home/shivajee/.m2/repository/org/junit/platform/junit-platform-engine/1.10.1/junit-platform-engine-1.10.1.jar:/home/shivajee/.m2/repository/org/apiguardian/apiguardian-api/1.1.2/apiguardian-api-1.1.2.jar:"/>
    <property name="java.vm.vendor" value="Oracle Corporation"/>
    <property name="sun.arch.data.model" value="64"/>
    <property name="java.vendor.url" value="https://java.oracle.com/"/>
    <property name="user.timezone" value="Asia/Kolkata"/>
    <property name="os.name" value="Linux"/>
    <property name="java.vm.specification.version" value="21"/>
    <property name="sun.java.launcher" value="SUN_STANDARD"/>
    <property name="user.country" value="IN"/>
    <property name="sun.boot.library.path" value="/usr/local/jdk-21.0.1/lib"/>
    <property name="sun.java.command" value="/home/shivajee/Penge/open-source/demo-jenkins-plugin/target/surefire/surefirebooter-20240123173904548_9.jar /home/shivajee/Penge/open-source/demo-jenkins-plugin/target/surefire 2024-01-23T17-39-04_026-jvmRun1 surefire-20240123173904548_7tmp surefire_1-20240123173904548_8tmp"/>
    <property name="jdk.debug" value="release"/>
    <property name="surefire.test.class.path" value="/home/shivajee/Penge/open-source/demo-jenkins-plugin/target/test-classes:/home/shivajee/Penge/open-source/demo-jenkins-plugin/target/classes:/home/shivajee/.m2/repository/org/jenkins-ci/main/jenkins-core/2.414.3/jenkins-core-2.414.3.jar:/home/shivajee/.m2/repository/org/jenkins-ci/main/cli/2.414.3/cli-2.414.3.jar:/home/shivajee/.m2/repository/org/jenkins-ci/main/remoting/3131.vf2b_b_798b_ce99/remoting-3131.vf2b_b_798b_ce99.jar:/home/shivajee/.m2/repository/args4j/args4j/2.33/args4j-2.33.jar:/home/shivajee/.m2/repository/com/github/spotbugs/spotbugs-annotations/4.7.3/spotbugs-annotations-4.7.3.jar:/home/shivajee/.m2/repository/com/google/guava/guava/32.1.1-jre/guava-32.1.1-jre.jar:/home/shivajee/.m2/repository/com/google/guava/failureaccess/1.0.1/failureaccess-1.0.1.jar:/home/shivajee/.m2/repository/com/google/guava/listenablefuture/9999.0-empty-to-avoid-conflict-with-guava/listenablefuture-9999.0-empty-to-avoid-conflict-with-guava.jar:/home/shivajee/.m2/repository/com/google/code/findbugs/jsr305/3.0.1/jsr305-3.0.1.jar:/home/shivajee/.m2/repository/com/google/inject/guice/6.0.0/guice-6.0.0.jar:/home/shivajee/.m2/repository/javax/inject/javax.inject/1/javax.inject-1.jar:/home/shivajee/.m2/repository/jakarta/inject/jakarta.inject-api/2.0.1/jakarta.inject-api-2.0.1.jar:/home/shivajee/.m2/repository/com/infradna/tool/bridge-method-annotation/1.27/bridge-method-annotation-1.27.jar:/home/shivajee/.m2/repository/com/jcraft/jzlib/1.1.3-kohsuke-1/jzlib-1.1.3-kohsuke-1.jar:/home/shivajee/.m2/repository/com/sun/solaris/embedded_su4j/1.1/embedded_su4j-1.1.jar:/home/shivajee/.m2/repository/com/sun/xml/txw2/txw2/20110809/txw2-20110809.jar:/home/shivajee/.m2/repository/relaxngDatatype/relaxngDatatype/20020414/relaxngDatatype-20020414.jar:/home/shivajee/.m2/repository/com/thoughtworks/xstream/xstream/1.4.20/xstream-1.4.20.jar:/home/shivajee/.m2/repository/io/github/x-stream/mxparser/1.2.2/mxparser-1.2.2.jar:/home/shivajee/.m2/repository/commons-beanutils/commons-beanutils/1.9.4/commons-beanutils-1.9.4.jar:/home/shivajee/.m2/repository/commons-codec/commons-codec/1.16.0/commons-codec-1.16.0.jar:/home/shivajee/.m2/repository/commons-collections/commons-collections/3.2.2/commons-collections-3.2.2.jar:/home/shivajee/.m2/repository/commons-fileupload/commons-fileupload/1.5/commons-fileupload-1.5.jar:/home/shivajee/.m2/repository/commons-io/commons-io/2.13.0/commons-io-2.13.0.jar:/home/shivajee/.m2/repository/commons-jelly/commons-jelly-tags-fmt/1.0/commons-jelly-tags-fmt-1.0.jar:/home/shivajee/.m2/repository/commons-jelly/commons-jelly-tags-xml/1.1/commons-jelly-tags-xml-1.1.jar:/home/shivajee/.m2/repository/commons-lang/commons-lang/2.6/commons-lang-2.6.jar:/home/shivajee/.m2/repository/io/jenkins/stapler/jenkins-stapler-support/1.1/jenkins-stapler-support-1.1.jar:/home/shivajee/.m2/repository/jakarta/servlet/jsp/jstl/jakarta.servlet.jsp.jstl-api/1.2.7/jakarta.servlet.jsp.jstl-api-1.2.7.jar:/home/shivajee/.m2/repository/jaxen/jaxen/2.0.0/jaxen-2.0.0.jar:/home/shivajee/.m2/repository/jline/jline/2.14.6/jline-2.14.6.jar:/home/shivajee/.m2/repository/net/java/dev/jna/jna/5.13.0/jna-5.13.0.jar:/home/shivajee/.m2/repository/net/java/sezpoz/sezpoz/1.13/sezpoz-1.13.jar:/home/shivajee/.m2/repository/net/jcip/jcip-annotations/1.0/jcip-annotations-1.0.jar:/home/shivajee/.m2/repository/net/sf/kxml/kxml2/2.3.0/kxml2-2.3.0.jar:/home/shivajee/.m2/repository/org/antlr/antlr4-runtime/4.13.0/antlr4-runtime-4.13.0.jar:/home/shivajee/.m2/repository/org/apache/ant/ant/1.10.13/ant-1.10.13.jar:/home/shivajee/.m2/repository/org/apache/ant/ant-launcher/1.10.13/ant-launcher-1.10.13.jar:/home/shivajee/.m2/repository/org/apache/commons/commons-compress/1.24.0/commons-compress-1.24.0.jar:/home/shivajee/.m2/repository/org/codehaus/groovy/groovy-all/2.4.21/groovy-all-2.4.21.jar:/home/shivajee/.m2/repository/org/connectbot/jbcrypt/jbcrypt/1.0.0/jbcrypt-1.0.0.jar:/home/shivajee/.m2/repository/org/fusesource/jansi/jansi/1.11/jansi-1.11.jar:/home/shivajee/.m2/repository/org/jenkins-ci/annotation-indexer/1.17/annotation-indexer-1.17.jar:/home/shivajee/.m2/repository/org/jenkins-ci/commons-jexl/1.1-jenkins-20111212/commons-jexl-1.1-jenkins-20111212.jar:/home/shivajee/.m2/repository/org/jenkins-ci/crypto-util/1.9/crypto-util-1.9.jar:/home/shivajee/.m2/repository/org/jenkins-ci/memory-monitor/1.12/memory-monitor-1.12.jar:/home/shivajee/.m2/repository/org/jenkins-ci/symbol-annotation/1.24/symbol-annotation-1.24.jar:/home/shivajee/.m2/repository/org/jenkins-ci/task-reactor/1.8/task-reactor-1.8.jar:/home/shivajee/.m2/repository/org/jenkins-ci/version-number/1.11/version-number-1.11.jar:/home/shivajee/.m2/repository/org/jenkins-ci/main/websocket-spi/2.414.3/websocket-spi-2.414.3.jar:/home/shivajee/.m2/repository/org/jfree/jfreechart/1.0.19/jfreechart-1.0.19.jar:/home/shivajee/.m2/repository/org/jfree/jcommon/1.0.23/jcommon-1.0.23.jar:/home/shivajee/.m2/repository/org/jvnet/hudson/commons-jelly-tags-define/1.1-jenkins-20230124/commons-jelly-tags-define-1.1-jenkins-20230124.jar:/home/shivajee/.m2/repository/org/jenkins-ci/commons-jelly/1.1-jenkins-20230124/commons-jelly-1.1-jenkins-20230124.jar:/home/shivajee/.m2/repository/org/jvnet/localizer/localizer/1.31/localizer-1.31.jar:/home/shivajee/.m2/repository/org/jvnet/robust-http-client/robust-http-client/1.2/robust-http-client-1.2.jar:/home/shivajee/.m2/repository/org/jvnet/winp/winp/1.30/winp-1.30.jar:/home/shivajee/.m2/repository/org/kohsuke/access-modifier-annotation/1.32/access-modifier-annotation-1.32.jar:/home/shivajee/.m2/repository/org/kohsuke/windows-package-checker/1.2/windows-package-checker-1.2.jar:/home/shivajee/.m2/repository/org/kohsuke/jinterop/j-interop/2.0.8-kohsuke-1/j-interop-2.0.8-kohsuke-1.jar:/home/shivajee/.m2/repository/org/kohsuke/jinterop/j-interopdeps/2.0.8-kohsuke-1/j-interopdeps-2.0.8-kohsuke-1.jar:/home/shivajee/.m2/repository/org/samba/jcifs/jcifs/1.3.18-kohsuke-1/jcifs-1.3.18-kohsuke-1.jar:/home/shivajee/.m2/repository/org/kohsuke/stapler/json-lib/2.4-jenkins-3/json-lib-2.4-jenkins-3.jar:/home/shivajee/.m2/repository/net/sf/ezmorph/ezmorph/1.0.6/ezmorph-1.0.6.jar:/home/shivajee/.m2/repository/org/kohsuke/stapler/stapler/1785.1787.v44b_5610a_7c4a_/stapler-1785.1787.v44b_5610a_7c4a_.jar:/home/shivajee/.m2/repository/commons-discovery/commons-discovery/0.5/commons-discovery-0.5.jar:/home/shivajee/.m2/repository/jakarta/annotation/jakarta.annotation-api/2.1.1/jakarta.annotation-api-2.1.1.jar:/home/shivajee/.m2/repository/javax/annotation/javax.annotation-api/1.3.2/javax.annotation-api-1.3.2.jar:/home/shivajee/.m2/repository/org/jvnet/tiger-types/2.2/tiger-types-2.2.jar:/home/shivajee/.m2/repository/org/kohsuke/stapler/stapler-adjunct-codemirror/1.3/stapler-adjunct-codemirror-1.3.jar:/home/shivajee/.m2/repository/org/kohsuke/stapler/stapler-adjunct-timeline/1.5/stapler-adjunct-timeline-1.5.jar:/home/shivajee/.m2/repository/org/kohsuke/stapler/stapler-groovy/1785.1787.v44b_5610a_7c4a_/stapler-groovy-1785.1787.v44b_5610a_7c4a_.jar:/home/shivajee/.m2/repository/org/kohsuke/stapler/stapler-jelly/1785.1787.v44b_5610a_7c4a_/stapler-jelly-1785.1787.v44b_5610a_7c4a_.jar:/home/shivajee/.m2/repository/org/dom4j/dom4j/2.1.4/dom4j-2.1.4.jar:/home/shivajee/.m2/repository/org/ow2/asm/asm/9.5/asm-9.5.jar:/home/shivajee/.m2/repository/org/ow2/asm/asm-analysis/9.5/asm-analysis-9.5.jar:/home/shivajee/.m2/repository/org/ow2/asm/asm-commons/9.5/asm-commons-9.5.jar:/home/shivajee/.m2/repository/org/ow2/asm/asm-tree/9.5/asm-tree-9.5.jar:/home/shivajee/.m2/repository/org/ow2/asm/asm-util/9.5/asm-util-9.5.jar:/home/shivajee/.m2/repository/org/slf4j/jcl-over-slf4j/2.0.7/jcl-over-slf4j-2.0.7.jar:/home/shivajee/.m2/repository/org/slf4j/slf4j-api/2.0.7/slf4j-api-2.0.7.jar:/home/shivajee/.m2/repository/org/slf4j/log4j-over-slf4j/2.0.7/log4j-over-slf4j-2.0.7.jar:/home/shivajee/.m2/repository/org/springframework/security/spring-security-web/5.8.4/spring-security-web-5.8.4.jar:/home/shivajee/.m2/repository/org/springframework/security/spring-security-core/5.8.4/spring-security-core-5.8.4.jar:/home/shivajee/.m2/repository/org/springframework/security/spring-security-crypto/5.8.4/spring-security-crypto-5.8.4.jar:/home/shivajee/.m2/repository/org/springframework/spring-core/5.3.28/spring-core-5.3.28.jar:/home/shivajee/.m2/repository/org/springframework/spring-aop/5.3.28/spring-aop-5.3.28.jar:/home/shivajee/.m2/repository/org/springframework/spring-beans/5.3.28/spring-beans-5.3.28.jar:/home/shivajee/.m2/repository/org/springframework/spring-context/5.3.28/spring-context-5.3.28.jar:/home/shivajee/.m2/repository/org/springframework/spring-expression/5.3.28/spring-expression-5.3.28.jar:/home/shivajee/.m2/repository/org/springframework/spring-web/5.3.28/spring-web-5.3.28.jar:/home/shivajee/.m2/repository/xpp3/xpp3/1.1.4c/xpp3-1.1.4c.jar:/home/shivajee/.m2/repository/org/jenkins-ci/main/jenkins-war/2.414.3/jenkins-war-2.414.3.war:/home/shivajee/.m2/repository/org/jenkins-ci/main/websocket-jetty10/2.414.3/websocket-jetty10-2.414.3.jar:/home/shivajee/.m2/repository/org/slf4j/slf4j-jdk14/2.0.7/slf4j-jdk14-2.0.7.jar:/home/shivajee/.m2/repository/jakarta/servlet/jakarta.servlet-api/4.0.4/jakarta.servlet-api-4.0.4.jar:/home/shivajee/.m2/repository/commons-logging/commons-logging/1.2/commons-logging-1.2.jar:/home/shivajee/.m2/repository/org/jenkins-ci/main/jenkins-test-harness/2129.v09f309d2339c/jenkins-test-harness-2129.v09f309d2339c.jar:/home/shivajee/.m2/repository/io/jenkins/lib/support-log-formatter/1.2/support-log-formatter-1.2.jar:/home/shivajee/.m2/repository/junit/junit/4.13.2/junit-4.13.2.jar:/home/shivajee/.m2/repository/org/hamcrest/hamcrest-core/2.2/hamcrest-core-2.2.jar:/home/shivajee/.m2/repository/org/eclipse/jetty/jetty-security/10.0.18/jetty-security-10.0.18.jar:/home/shivajee/.m2/repository/org/eclipse/jetty/jetty-server/10.0.18/jetty-server-10.0.18.jar:/home/shivajee/.m2/repository/org/eclipse/jetty/jetty-http/10.0.18/jetty-http-10.0.18.jar:/home/shivajee/.m2/repository/org/eclipse/jetty/jetty-io/10.0.18/jetty-io-10.0.18.jar:/home/shivajee/.m2/repository/org/eclipse/jetty/jetty-webapp/10.0.18/jetty-webapp-10.0.18.jar:/home/shivajee/.m2/repository/org/eclipse/jetty/jetty-servlet/10.0.18/jetty-servlet-10.0.18.jar:/home/shivajee/.m2/repository/org/eclipse/jetty/jetty-xml/10.0.18/jetty-xml-10.0.18.jar:/home/shivajee/.m2/repository/org/eclipse/jetty/jetty-util/10.0.18/jetty-util-10.0.18.jar:/home/shivajee/.m2/repository/org/eclipse/jetty/websocket/websocket-jetty-server/10.0.18/websocket-jetty-server-10.0.18.jar:/home/shivajee/.m2/repository/org/eclipse/jetty/websocket/websocket-jetty-api/10.0.18/websocket-jetty-api-10.0.18.jar:/home/shivajee/.m2/repository/org/eclipse/jetty/websocket/websocket-jetty-common/10.0.18/websocket-jetty-common-10.0.18.jar:/home/shivajee/.m2/repository/org/eclipse/jetty/websocket/websocket-core-common/10.0.18/websocket-core-common-10.0.18.jar:/home/shivajee/.m2/repository/org/eclipse/jetty/websocket/websocket-servlet/10.0.18/websocket-servlet-10.0.18.jar:/home/shivajee/.m2/repository/org/eclipse/jetty/websocket/websocket-core-server/10.0.18/websocket-core-server-10.0.18.jar:/home/shivajee/.m2/repository/org/eclipse/jetty/toolchain/jetty-servlet-api/4.0.6/jetty-servlet-api-4.0.6.jar:/home/shivajee/.m2/repository/org/hamcrest/hamcrest/2.2/hamcrest-2.2.jar:/home/shivajee/.m2/repository/org/jenkins-ci/main/jenkins-test-harness-htmlunit/164.v87e5a_1809c10/jenkins-test-harness-htmlunit-164.v87e5a_1809c10.jar:/home/shivajee/.m2/repository/org/junit/jupiter/junit-jupiter-api/5.10.1/junit-jupiter-api-5.10.1.jar:/home/shivajee/.m2/repository/org/opentest4j/opentest4j/1.3.0/opentest4j-1.3.0.jar:/home/shivajee/.m2/repository/org/junit/platform/junit-platform-commons/1.10.1/junit-platform-commons-1.10.1.jar:/home/shivajee/.m2/repository/org/netbeans/modules/org-netbeans-insane/RELEASE200/org-netbeans-insane-RELEASE200.jar:/home/shivajee/.m2/repository/org/openjdk/jmh/jmh-core/1.37/jmh-core-1.37.jar:/home/shivajee/.m2/repository/net/sf/jopt-simple/jopt-simple/5.0.4/jopt-simple-5.0.4.jar:/home/shivajee/.m2/repository/org/apache/commons/commons-math3/3.6.1/commons-math3-3.6.1.jar:/home/shivajee/.m2/repository/org/openjdk/jmh/jmh-generator-annprocess/1.37/jmh-generator-annprocess-1.37.jar:/home/shivajee/.m2/repository/org/jenkins-ci/test-annotations/1.4/test-annotations-1.4.jar:/home/shivajee/.m2/repository/org/junit/jupiter/junit-jupiter/5.10.1/junit-jupiter-5.10.1.jar:/home/shivajee/.m2/repository/org/junit/jupiter/junit-jupiter-params/5.10.1/junit-jupiter-params-5.10.1.jar:/home/shivajee/.m2/repository/org/junit/jupiter/junit-jupiter-engine/5.10.1/junit-jupiter-engine-5.10.1.jar:/home/shivajee/.m2/repository/org/junit/vintage/junit-vintage-engine/5.10.1/junit-vintage-engine-5.10.1.jar:/home/shivajee/.m2/repository/org/junit/platform/junit-platform-engine/1.10.1/junit-platform-engine-1.10.1.jar:/home/shivajee/.m2/repository/org/apiguardian/apiguardian-api/1.1.2/apiguardian-api-1.1.2.jar:"/>
    <property name="sun.cpu.endian" value="little"/>
    <property name="user.home" value="/home/shivajee"/>
    <property name="user.language" value="en"/>
    <property name="java.specification.vendor" value="Oracle Corporation"/>
    <property name="java.version.date" value="2023-10-17"/>
    <property name="java.home" value="/usr/local/jdk-21.0.1"/>
    <property name="surefire.forkNumber" value="1"/>
    <property name="file.separator" value="/"/>
    <property name="basedir" value="/home/shivajee/Penge/open-source/demo-jenkins-plugin"/>
    <property name="java.vm.compressedOopsMode" value="32-bit"/>
    <property name="line.separator" value="&#10;"/>
    <property name="java.vm.specification.vendor" value="Oracle Corporation"/>
    <property name="java.specification.name" value="Java Platform API Specification"/>
    <property name="java.awt.headless" value="true"/>
    <property name="org.eclipse.jetty.server.Request.maxFormContentSize" value="-1"/>
    <property name="surefire.real.class.path" value="/home/shivajee/Penge/open-source/demo-jenkins-plugin/target/surefire/surefirebooter-20240123173904548_9.jar"/>
    <property name="sun.management.compiler" value="HotSpot 64-Bit Tiered Compilers"/>
    <property name="java.runtime.version" value="21.0.1+12-29"/>
    <property name="user.name" value="shivajee"/>
    <property name="stdout.encoding" value="UTF-8"/>
    <property name="path.separator" value=":"/>
    <property name="os.version" value="6.5.0-14-generic"/>
    <property name="java.runtime.name" value="OpenJDK Runtime Environment"/>
    <property name="file.encoding" value="UTF-8"/>
    <property name="jnidispatch.path" value="/home/shivajee/.cache/JNA/temp/jna6688740502825306546.tmp"/>
    <property name="java.vm.name" value="OpenJDK 64-Bit Server VM"/>
    <property name="jna.platform.library.path" value="/usr/lib/x86_64-linux-gnu:/lib/x86_64-linux-gnu:/usr/lib64:/lib64:/usr/lib:/lib:/lib/i386-linux-gnu:/lib32:/usr/lib/x86_64-linux-gnu/libfakeroot"/>
    <property name="localRepository" value="/home/shivajee/.m2/repository"/>
    <property name="jna.loaded" value="true"/>
    <property name="java.vendor.url.bug" value="https://bugreport.java.com/bugreport/"/>
    <property name="jetty.git.hash" value="8545fd9bf4cd0d0838f626b405fd4963441546b7"/>
    <property name="java.io.tmpdir" value="/home/shivajee/Penge/open-source/demo-jenkins-plugin/target/tmp"/>
    <property name="java.version" value="21.0.1"/>
    <property name="user.dir" value="/home/shivajee/Penge/open-source/demo-jenkins-plugin"/>
    <property name="os.arch" value="amd64"/>
    <property name="jenkins.model.Jenkins.SHOW_STACK_TRACE" value="true"/>
    <property name="java.vm.specification.name" value="Java Virtual Machine Specification"/>
    <property name="native.encoding" value="UTF-8"/>
    <property name="java.library.path" value="/usr/java/packages/lib:/usr/lib64:/lib64:/lib:/usr/lib"/>
    <property name="java.vm.info" value="mixed mode, emulated-client"/>
    <property name="stderr.encoding" value="UTF-8"/>
    <property name="java.vendor" value="Oracle Corporation"/>
    <property name="java.vm.version" value="21.0.1+12-29"/>
    <property name="sun.io.unicode.encoding" value="UnicodeLittle"/>
    <property name="java.class.version" value="65.0"/>
  </properties>
  <testcase name="CheckSleepOutput" classname="io.jenkins.plugins.DelayBuildTest" time="1.922">
    <system-out><![CDATA[=== Starting CheckSleepOutput(io.jenkins.plugins.DelayBuildTest)
]]></system-out>
    <system-err><![CDATA[   0.079 [id=35]	INFO	o.jvnet.hudson.test.WarExploder#explode: Picking up existing exploded jenkins.war at /home/shivajee/Penge/open-source/demo-jenkins-plugin/target/jenkins-for-test
   0.221 [id=35]	INFO	o.jvnet.hudson.test.JenkinsRule#createWebServer: Running on http://localhost:35025/jenkins/
   0.334 [id=49]	INFO	jenkins.InitReactorRunner$1#onAttained: Started initialization
   0.350 [id=58]	INFO	jenkins.InitReactorRunner$1#onAttained: Listed all plugins
   0.756 [id=48]	INFO	jenkins.InitReactorRunner$1#onAttained: Prepared all plugins
   0.759 [id=61]	INFO	jenkins.InitReactorRunner$1#onAttained: Started all plugins
   0.761 [id=50]	INFO	jenkins.InitReactorRunner$1#onAttained: Augmented all extensions
   0.850 [id=60]	INFO	jenkins.InitReactorRunner$1#onAttained: System config loaded
   0.850 [id=54]	INFO	jenkins.InitReactorRunner$1#onAttained: System config adapted
   0.851 [id=54]	INFO	jenkins.InitReactorRunner$1#onAttained: Loaded all jobs
   0.852 [id=54]	INFO	jenkins.InitReactorRunner$1#onAttained: Configuration for all jobs updated
   0.949 [id=60]	INFO	jenkins.InitReactorRunner$1#onAttained: Completed initialization
   1.540 [id=35]	INFO	hudson.lifecycle.Lifecycle#onStatusUpdate: Stopping Jenkins
   1.556 [id=35]	INFO	hudson.lifecycle.Lifecycle#onStatusUpdate: Jenkins stopped
   1.583 [id=35]	INFO	o.j.h.t.TemporaryDirectoryAllocator#dispose: deleting /home/shivajee/Penge/open-source/demo-jenkins-plugin/target/tmp/j h14827015890940607958
]]></system-err>
  </testcase>
</testsuite>